<?xml version="1.0" encoding="UTF-8"?>
<testng-results skipped="0" failed="1" total="4" passed="3">
  <reporter-output>
  </reporter-output>
  <suite name="Default suite" duration-ms="181505" started-at="2019-01-28T04:49:08Z" finished-at="2019-01-28T04:52:09Z">
    <groups>
    </groups>
    <test name="Default test" duration-ms="181505" started-at="2019-01-28T04:49:08Z" finished-at="2019-01-28T04:52:09Z">
      <class name="com.eprostar.qa.testcases.HomePageTest">
        <test-method status="PASS" signature="SetUp()[pri:0, instance:com.eprostar.qa.testcases.HomePageTest@29ee9faa]" name="SetUp" is-config="true" duration-ms="22777" started-at="2019-01-28T10:19:08Z" finished-at="2019-01-28T10:19:30Z">
          <reporter-output>
          </reporter-output>
        </test-method> <!-- SetUp -->
        <test-method status="FAIL" signature="DirectRIAdminOpenTest()[pri:0, instance:com.eprostar.qa.testcases.HomePageTest@29ee9faa]" name="DirectRIAdminOpenTest" duration-ms="90517" started-at="2019-01-28T10:19:30Z" finished-at="2019-01-28T10:21:01Z">
          <exception class="org.openqa.selenium.TimeoutException">
            <message>
              <![CDATA[Timed out after 90 seconds waiting for visibility of [[ChromeDriver: chrome on XP (82af214cb6c11aae6be1e850d9e4bedd)] -> xpath: //li[@id='id_MC210013']//a[contains(text(),'Divisional Grouping')]]
Build info: version: '2.44.0', revision: '76d78cf323ce037c5f92db6c1bba601c2ac43ad8', time: '2014-10-23 13:11:40'
System info: host: 'NOIASHMITAP3090', ip: '192.168.84.125', os.name: 'Windows 10', os.arch: 'amd64', os.version: '10.0', java.version: '1.8.0_102'
Driver info: org.openqa.selenium.chrome.ChromeDriver
Capabilities [{mobileEmulationEnabled=false, timeouts={implicit=0, pageLoad=300000, script=30000}, hasTouchScreen=false, platform=XP, acceptSslCerts=false, goog:chromeOptions={debuggerAddress=localhost:59013}, acceptInsecureCerts=false, webStorageEnabled=true, browserName=chrome, takesScreenshot=true, javascriptEnabled=true, setWindowRect=true, unexpectedAlertBehaviour=ignore, applicationCacheEnabled=false, rotatable=false, networkConnectionEnabled=false, chrome={chromedriverVersion=2.45.615291 (ec3682e3c9061c10f26ea9e5cdcf3c53f3f74387), userDataDir=C:\Users\ASHITA~1.PAN\AppData\Local\Temp\scoped_dir14956_32692}, takesHeapSnapshot=true, pageLoadStrategy=normal, strictFileInteractability=false, databaseEnabled=false, handlesAlerts=true, version=71.0.3578.98, browserConnectionEnabled=false, proxy={}, nativeEvents=true, locationContextEnabled=true, cssSelectorsEnabled=true}]
Session ID: 82af214cb6c11aae6be1e850d9e4bedd]]>
            </message>
            <full-stacktrace>
              <![CDATA[org.openqa.selenium.TimeoutException: Timed out after 90 seconds waiting for visibility of [[ChromeDriver: chrome on XP (82af214cb6c11aae6be1e850d9e4bedd)] -> xpath: //li[@id='id_MC210013']//a[contains(text(),'Divisional Grouping')]]
Build info: version: '2.44.0', revision: '76d78cf323ce037c5f92db6c1bba601c2ac43ad8', time: '2014-10-23 13:11:40'
System info: host: 'NOIASHMITAP3090', ip: '192.168.84.125', os.name: 'Windows 10', os.arch: 'amd64', os.version: '10.0', java.version: '1.8.0_102'
Driver info: org.openqa.selenium.chrome.ChromeDriver
Capabilities [{mobileEmulationEnabled=false, timeouts={implicit=0, pageLoad=300000, script=30000}, hasTouchScreen=false, platform=XP, acceptSslCerts=false, goog:chromeOptions={debuggerAddress=localhost:59013}, acceptInsecureCerts=false, webStorageEnabled=true, browserName=chrome, takesScreenshot=true, javascriptEnabled=true, setWindowRect=true, unexpectedAlertBehaviour=ignore, applicationCacheEnabled=false, rotatable=false, networkConnectionEnabled=false, chrome={chromedriverVersion=2.45.615291 (ec3682e3c9061c10f26ea9e5cdcf3c53f3f74387), userDataDir=C:\Users\ASHITA~1.PAN\AppData\Local\Temp\scoped_dir14956_32692}, takesHeapSnapshot=true, pageLoadStrategy=normal, strictFileInteractability=false, databaseEnabled=false, handlesAlerts=true, version=71.0.3578.98, browserConnectionEnabled=false, proxy={}, nativeEvents=true, locationContextEnabled=true, cssSelectorsEnabled=true}]
Session ID: 82af214cb6c11aae6be1e850d9e4bedd
	at org.openqa.selenium.support.ui.WebDriverWait.timeoutException(WebDriverWait.java:79)
	at org.openqa.selenium.support.ui.FluentWait.until(FluentWait.java:228)
	at com.eprostar.qa.pages.HomePage.openDirectRIAdminModule(HomePage.java:76)
	at com.eprostar.qa.testcases.HomePageTest.DirectRIAdminOpenTest(HomePageTest.java:57)
	at sun.reflect.NativeMethodAccessorImpl.invoke0(Native Method)
	at sun.reflect.NativeMethodAccessorImpl.invoke(Unknown Source)
	at sun.reflect.DelegatingMethodAccessorImpl.invoke(Unknown Source)
	at java.lang.reflect.Method.invoke(Unknown Source)
	at org.testng.internal.MethodInvocationHelper.invokeMethod(MethodInvocationHelper.java:84)
	at org.testng.internal.Invoker.invokeMethod(Invoker.java:714)
	at org.testng.internal.Invoker.invokeTestMethod(Invoker.java:901)
	at org.testng.internal.Invoker.invokeTestMethods(Invoker.java:1231)
	at org.testng.internal.TestMethodWorker.invokeTestMethods(TestMethodWorker.java:127)
	at org.testng.internal.TestMethodWorker.run(TestMethodWorker.java:111)
	at org.testng.TestRunner.privateRun(TestRunner.java:767)
	at org.testng.TestRunner.run(TestRunner.java:617)
	at org.testng.SuiteRunner.runTest(SuiteRunner.java:348)
	at org.testng.SuiteRunner.runSequentially(SuiteRunner.java:343)
	at org.testng.SuiteRunner.privateRun(SuiteRunner.java:305)
	at org.testng.SuiteRunner.run(SuiteRunner.java:254)
	at org.testng.SuiteRunnerWorker.runSuite(SuiteRunnerWorker.java:52)
	at org.testng.SuiteRunnerWorker.run(SuiteRunnerWorker.java:86)
	at org.testng.TestNG.runSuitesSequentially(TestNG.java:1224)
	at org.testng.TestNG.runSuitesLocally(TestNG.java:1149)
	at org.testng.TestNG.run(TestNG.java:1057)
	at org.testng.remote.AbstractRemoteTestNG.run(AbstractRemoteTestNG.java:114)
	at org.testng.remote.RemoteTestNG.initAndRun(RemoteTestNG.java:251)
	at org.testng.remote.RemoteTestNG.main(RemoteTestNG.java:77)
]]>
            </full-stacktrace>
          </exception> <!-- org.openqa.selenium.TimeoutException -->
          <reporter-output>
          </reporter-output>
        </test-method> <!-- DirectRIAdminOpenTest -->
        <test-method status="PASS" signature="TearDown()[pri:0, instance:com.eprostar.qa.testcases.HomePageTest@29ee9faa]" name="TearDown" is-config="true" duration-ms="2015" started-at="2019-01-28T10:21:01Z" finished-at="2019-01-28T10:21:03Z">
          <reporter-output>
          </reporter-output>
        </test-method> <!-- TearDown -->
        <test-method status="PASS" signature="SetUp()[pri:0, instance:com.eprostar.qa.testcases.HomePageTest@29ee9faa]" name="SetUp" is-config="true" duration-ms="23761" started-at="2019-01-28T10:21:03Z" finished-at="2019-01-28T10:21:27Z">
          <reporter-output>
          </reporter-output>
        </test-method> <!-- SetUp -->
        <test-method status="PASS" signature="HomePgaeTitleTest()[pri:0, instance:com.eprostar.qa.testcases.HomePageTest@29ee9faa]" name="HomePgaeTitleTest" duration-ms="24" started-at="2019-01-28T10:21:27Z" finished-at="2019-01-28T10:21:27Z">
          <reporter-output>
          </reporter-output>
        </test-method> <!-- HomePgaeTitleTest -->
        <test-method status="PASS" signature="TearDown()[pri:0, instance:com.eprostar.qa.testcases.HomePageTest@29ee9faa]" name="TearDown" is-config="true" duration-ms="1900" started-at="2019-01-28T10:21:27Z" finished-at="2019-01-28T10:21:29Z">
          <reporter-output>
          </reporter-output>
        </test-method> <!-- TearDown -->
        <test-method status="PASS" signature="SetUp()[pri:0, instance:com.eprostar.qa.testcases.HomePageTest@29ee9faa]" name="SetUp" is-config="true" duration-ms="23766" started-at="2019-01-28T10:21:29Z" finished-at="2019-01-28T10:21:53Z">
          <reporter-output>
          </reporter-output>
        </test-method> <!-- SetUp -->
        <test-method status="PASS" signature="VallidateHomeTitleTest()[pri:0, instance:com.eprostar.qa.testcases.HomePageTest@29ee9faa]" name="VallidateHomeTitleTest" duration-ms="104" started-at="2019-01-28T10:21:53Z" finished-at="2019-01-28T10:21:53Z">
          <reporter-output>
          </reporter-output>
        </test-method> <!-- VallidateHomeTitleTest -->
        <test-method status="PASS" signature="TearDown()[pri:0, instance:com.eprostar.qa.testcases.HomePageTest@29ee9faa]" name="TearDown" is-config="true" duration-ms="1233" started-at="2019-01-28T10:21:53Z" finished-at="2019-01-28T10:21:54Z">
          <reporter-output>
          </reporter-output>
        </test-method> <!-- TearDown -->
        <test-method status="PASS" signature="SetUp()[pri:0, instance:com.eprostar.qa.testcases.HomePageTest@29ee9faa]" name="SetUp" is-config="true" duration-ms="13113" started-at="2019-01-28T10:21:54Z" finished-at="2019-01-28T10:22:07Z">
          <reporter-output>
          </reporter-output>
        </test-method> <!-- SetUp -->
        <test-method status="PASS" signature="brokingModuleOpenTest()[pri:0, instance:com.eprostar.qa.testcases.HomePageTest@29ee9faa]" name="brokingModuleOpenTest" duration-ms="217" started-at="2019-01-28T10:22:07Z" finished-at="2019-01-28T10:22:07Z">
          <reporter-output>
          </reporter-output>
        </test-method> <!-- brokingModuleOpenTest -->
        <test-method status="PASS" signature="TearDown()[pri:0, instance:com.eprostar.qa.testcases.HomePageTest@29ee9faa]" name="TearDown" is-config="true" duration-ms="1966" started-at="2019-01-28T10:22:07Z" finished-at="2019-01-28T10:22:09Z">
          <reporter-output>
          </reporter-output>
        </test-method> <!-- TearDown -->
      </class> <!-- com.eprostar.qa.testcases.HomePageTest -->
    </test> <!-- Default test -->
  </suite> <!-- Default suite -->
</testng-results>
